\BOOKMARK [0][-]{chapter.1}{The "overturner" model}{}% 1
\BOOKMARK [1][-]{section.1.1}{Mathematical model}{chapter.1}% 2
\BOOKMARK [2][-]{subsection.1.1.1}{An idealised velocity field}{section.1.1}% 3
\BOOKMARK [2][-]{subsection.1.1.2}{Estimation of the parameter values}{section.1.1}% 4
\BOOKMARK [2][-]{subsection.1.1.3}{Injection of a passive tracer into the ocean}{section.1.1}% 5
\BOOKMARK [0][-]{chapter.2}{Numerical Considerations}{}% 6
\BOOKMARK [1][-]{section.2.1}{Preliminaries}{chapter.2}% 7
\BOOKMARK [2][-]{subsection.2.1.1}{Formal definition of a SDE}{section.2.1}% 8
\BOOKMARK [2][-]{subsection.2.1.2}{Properties of the It\364 integral}{section.2.1}% 9
\BOOKMARK [2][-]{subsection.2.1.3}{Link between It\364 and backward It\364 SDE's}{section.2.1}% 10
\BOOKMARK [2][-]{subsection.2.1.4}{Connection between It\364 and backward It\364 SDE's and the Fokker Planck equation}{section.2.1}% 11
\BOOKMARK [2][-]{subsection.2.1.5}{Generalization to multiple dimensions}{section.2.1}% 12
\BOOKMARK [2][-]{subsection.2.1.6}{Numerical methods}{section.2.1}% 13
\BOOKMARK [1][-]{section.2.2}{Lagrangian equations for the overturner model}{chapter.2}% 14
\BOOKMARK [1][-]{section.2.3}{Test case to assess the implementation of the overturner model}{chapter.2}% 15
\BOOKMARK [2][-]{subsection.2.3.1}{Governing equations}{section.2.3}% 16
\BOOKMARK [2][-]{subsection.2.3.2}{An idealised model}{section.2.3}% 17
\BOOKMARK [2][-]{subsection.2.3.3}{Analytical solution and properties}{section.2.3}% 18
\BOOKMARK [1][-]{section.2.4}{Validation of the numerical solver}{chapter.2}% 19
\BOOKMARK [2][-]{subsection.2.4.1}{Test case 1}{section.2.4}% 20
\BOOKMARK [2][-]{subsection.2.4.2}{Test case 2}{section.2.4}% 21
\BOOKMARK [0][-]{chapter.3}{Clustering}{}% 22
\BOOKMARK [1][-]{section.3.1}{The stability criterion for graph communities}{chapter.3}% 23
\BOOKMARK [2][-]{subsection.3.1.1}{Discrete-time stability as an autocovariance}{section.3.1}% 24
\BOOKMARK [2][-]{subsection.3.1.2}{Extension to continuous time}{section.3.1}% 25
\BOOKMARK [2][-]{subsection.3.1.3}{Assessing the robustness of a partition}{section.3.1}% 26
\BOOKMARK [1][-]{section.3.2}{Clustering of the overturner problem}{chapter.3}% 27
\BOOKMARK [2][-]{subsection.3.2.1}{Description of the method}{section.3.2}% 28
\BOOKMARK [2][-]{subsection.3.2.2}{Use of the stability software}{section.3.2}% 29
\BOOKMARK [2][-]{subsection.3.2.3}{Results}{section.3.2}% 30
\BOOKMARK [0][-]{appendix.A}{Numerical considerations}{}% 31
\BOOKMARK [1][-]{section.A.1}{Stieltjes integral}{appendix.A}% 32
\BOOKMARK [1][-]{section.A.2}{Mean-square limit}{appendix.A}% 33
